[debug] [2018-10-29T08:37:44.597Z] ----------------------------------------------------------------------
[debug] [2018-10-29T08:37:44.609Z] Command:       C:\Program Files\nodejs\node.exe C:\Users\STD\AppData\Roaming\npm\node_modules\firebase-tools\bin\firebase serve
[debug] [2018-10-29T08:37:44.609Z] CLI Version:   5.1.1
[debug] [2018-10-29T08:37:44.609Z] Platform:      win32
[debug] [2018-10-29T08:37:44.609Z] Node Version:  v8.11.3
[debug] [2018-10-29T08:37:44.609Z] Time:          Mon Oct 29 2018 15:37:44 GMT+0700 (SE Asia Standard Time)
[debug] [2018-10-29T08:37:44.609Z] ----------------------------------------------------------------------
[debug] 
[debug] [2018-10-29T08:37:44.670Z] > command requires scopes: ["email","openid","https://www.googleapis.com/auth/cloudplatformprojects.readonly","https://www.googleapis.com/auth/firebase","https://www.googleapis.com/auth/cloud-platform"]
[debug] [2018-10-29T08:37:44.671Z] > authorizing via signed-in user
[debug] [2018-10-29T08:37:44.671Z] [iam] checking project shopee-9be77 for permissions ["firebase.projects.get"]
[debug] [2018-10-29T08:37:44.673Z] > refreshing access token with scopes: ["email","https://www.googleapis.com/auth/cloud-platform","https://www.googleapis.com/auth/cloudplatformprojects.readonly","https://www.googleapis.com/auth/firebase","openid"]
[debug] [2018-10-29T08:37:44.673Z] >>> HTTP REQUEST POST https://www.googleapis.com/oauth2/v3/token  
 <request body omitted>
[debug] [2018-10-29T08:37:45.152Z] <<< HTTP RESPONSE 200
[debug] [2018-10-29T08:37:45.259Z] >>> HTTP REQUEST POST https://cloudresourcemanager.googleapis.com/v1/projects/shopee-9be77:testIamPermissions  

[debug] [2018-10-29T08:37:46.582Z] <<< HTTP RESPONSE 200
[debug] [2018-10-29T08:37:46.583Z] >>> HTTP REQUEST GET https://cloudresourcemanager.googleapis.com/v1/projects/shopee-9be77  
 
[debug] [2018-10-29T08:37:47.906Z] <<< HTTP RESPONSE 200
[info] 
[info] === Serving from 'D:\project_moblieapp_1'...
[info] 
[debug] [2018-10-29T08:37:47.909Z] >>> HTTP REQUEST GET https://mobilesdk-pa.googleapis.com/v1/projects/422278194918/clients/_:getWebAppConfig  
 
[debug] [2018-10-29T08:37:48.491Z] <<< HTTP RESPONSE 200
[info] i  hosting: Serving hosting files from: public
[info] +  hosting: Local server: http://localhost:5000
